2021-07-16 05:44:10 INFO  Version:44 - HHH000412: Hibernate ORM core version 5.5.3.Final
2021-07-16 05:44:11 INFO  Version:56 - HCANN000001: Hibernate Commons Annotations {5.1.2.Final}
2021-07-16 05:44:11 WARN  pooling:72 - HHH10001002: Using Hibernate built-in connection pool (not for production use!)
2021-07-16 05:44:11 INFO  pooling:115 - HHH10001005: using driver [com.microsoft.sqlserver.jdbc.SQLServerDriver] at URL [jdbc:sqlserver://localhost:1433;databaseName=la101]
2021-07-16 05:44:11 INFO  pooling:124 - HHH10001001: Connection properties: {password=****, user=sa}
2021-07-16 05:44:11 INFO  pooling:129 - HHH10001003: Autocommit mode: false
2021-07-16 05:44:11 INFO  DriverManagerConnectionProviderImpl:274 - HHH000115: Hibernate connection pool size: 5 (min=1)
2021-07-16 05:44:11 INFO  Dialect:175 - HHH000400: Using dialect: org.hibernate.dialect.SQLServer2012Dialect
2021-07-16 05:44:12 INFO  access:48 - HHH10001501: Connection obtained from JdbcConnectionAccess [org.hibernate.engine.jdbc.env.internal.JdbcEnvironmentInitiator$ConnectionProviderJdbcConnectionAccess@86d6bf7] for (non-JTA) DDL execution was not in auto-commit mode; the Connection 'local transaction' will be committed and the Connection will be set into auto-commit mode.
2021-07-16 05:44:12 INFO  JtaPlatformInitiator:52 - HHH000490: Using JtaPlatform implementation: [org.hibernate.engine.transaction.jta.platform.internal.NoJtaPlatform]
2021-07-16 05:44:13 WARN  SqlExceptionHelper:137 - SQL Error: 2812, SQLState: S0062
2021-07-16 05:44:13 ERROR SqlExceptionHelper:142 - Could not find stored procedure 'PR_PAGE'.
2021-07-16 05:44:51 INFO  DoctorDaoImpl:25 - open session
2021-07-16 05:44:51 INFO  Version:44 - HHH000412: Hibernate ORM core version 5.5.3.Final
2021-07-16 05:44:51 INFO  Version:56 - HCANN000001: Hibernate Commons Annotations {5.1.2.Final}
2021-07-16 05:44:51 WARN  pooling:72 - HHH10001002: Using Hibernate built-in connection pool (not for production use!)
2021-07-16 05:44:51 INFO  pooling:115 - HHH10001005: using driver [com.microsoft.sqlserver.jdbc.SQLServerDriver] at URL [jdbc:sqlserver://localhost:1433;databaseName=la101]
2021-07-16 05:44:51 INFO  pooling:124 - HHH10001001: Connection properties: {password=****, user=sa}
2021-07-16 05:44:51 INFO  pooling:129 - HHH10001003: Autocommit mode: false
2021-07-16 05:44:51 INFO  DriverManagerConnectionProviderImpl:274 - HHH000115: Hibernate connection pool size: 5 (min=1)
2021-07-16 05:44:52 INFO  Dialect:175 - HHH000400: Using dialect: org.hibernate.dialect.SQLServer2012Dialect
2021-07-16 05:44:52 INFO  access:48 - HHH10001501: Connection obtained from JdbcConnectionAccess [org.hibernate.engine.jdbc.env.internal.JdbcEnvironmentInitiator$ConnectionProviderJdbcConnectionAccess@712ac7e6] for (non-JTA) DDL execution was not in auto-commit mode; the Connection 'local transaction' will be committed and the Connection will be set into auto-commit mode.
2021-07-16 05:44:52 INFO  JtaPlatformInitiator:52 - HHH000490: Using JtaPlatform implementation: [org.hibernate.engine.transaction.jta.platform.internal.NoJtaPlatform]
2021-07-16 05:44:53 INFO  DoctorDaoImpl:43 - close session
